2022-05-31 11:21:12 [main] INFO c.e.demo.XyzToStudentApplication - Starting XyzToStudentApplication using Java 17.0.1 on DESKTOP-7P5RSAI with PID 7056 (F:\INFOSYS\XYZ_ToStudent\target\classes started by PERSONAL in F:\INFOSYS\XYZ_ToStudent)
2022-05-31 11:21:12 [main] INFO c.e.demo.XyzToStudentApplication - No active profile set, falling back to 1 default profile: "default"
2022-05-31 11:21:14 [main] INFO c.e.demo.XyzToStudentApplication - Started XyzToStudentApplication in 3.527 seconds (JVM running for 9.557)
2022-05-31 11:21:14 [main] ERROR c.e.demo.XyzToStudentApplication - Length of id is incorrect 
2022-05-31 11:39:46 [main] INFO c.e.demo.XyzToStudentApplication - Starting XyzToStudentApplication using Java 17.0.1 on DESKTOP-7P5RSAI with PID 4996 (F:\INFOSYS\XYZ_ToStudent\target\classes started by PERSONAL in F:\INFOSYS\XYZ_ToStudent)
2022-05-31 11:39:46 [main] INFO c.e.demo.XyzToStudentApplication - No active profile set, falling back to 1 default profile: "default"
2022-05-31 11:39:47 [main] INFO c.e.demo.XyzToStudentApplication - Started XyzToStudentApplication in 2.032 seconds (JVM running for 3.607)
2022-05-31 11:39:47 [main] ERROR c.e.demo.XyzToStudentApplication - Length of id is incorrect 
2022-05-31 11:42:09 [main] INFO c.e.demo.XyzToStudentApplication - Starting XyzToStudentApplication using Java 17.0.1 on DESKTOP-7P5RSAI with PID 11008 (F:\INFOSYS\XYZ_ToStudent\target\classes started by PERSONAL in F:\INFOSYS\XYZ_ToStudent)
2022-05-31 11:42:09 [main] INFO c.e.demo.XyzToStudentApplication - No active profile set, falling back to 1 default profile: "default"
2022-05-31 11:42:10 [main] INFO c.e.demo.XyzToStudentApplication - Started XyzToStudentApplication in 1.473 seconds (JVM running for 2.859)
2022-05-31 11:42:10 [main] ERROR c.e.demo.XyzToStudentApplication - Length of id is incorrect 
2022-05-31 11:43:21 [main] INFO c.e.demo.XyzToStudentApplication - Starting XyzToStudentApplication using Java 17.0.1 on DESKTOP-7P5RSAI with PID 10224 (F:\INFOSYS\XYZ_ToStudent\target\classes started by PERSONAL in F:\INFOSYS\XYZ_ToStudent)
2022-05-31 11:43:21 [main] INFO c.e.demo.XyzToStudentApplication - No active profile set, falling back to 1 default profile: "default"
2022-05-31 11:43:22 [main] INFO c.e.demo.XyzToStudentApplication - Started XyzToStudentApplication in 1.539 seconds (JVM running for 2.841)
2022-05-31 11:43:22 [main] ERROR c.e.demo.XyzToStudentApplication - Length of id is incorrect 
2022-05-31 11:43:22 [main] ERROR c.e.demo.XyzToStudentApplication - No records found
2022-05-31 11:43:48 [main] INFO c.e.demo.XyzToStudentApplication - Starting XyzToStudentApplication using Java 17.0.1 on DESKTOP-7P5RSAI with PID 10492 (F:\INFOSYS\XYZ_ToStudent\target\classes started by PERSONAL in F:\INFOSYS\XYZ_ToStudent)
2022-05-31 11:43:48 [main] INFO c.e.demo.XyzToStudentApplication - No active profile set, falling back to 1 default profile: "default"
2022-05-31 11:43:49 [main] INFO c.e.demo.XyzToStudentApplication - Started XyzToStudentApplication in 1.589 seconds (JVM running for 2.844)
2022-05-31 11:43:49 [main] ERROR c.e.demo.XyzToStudentApplication - Length of id is incorrect 
2022-05-31 11:44:52 [main] INFO c.e.demo.XyzToStudentApplication - Starting XyzToStudentApplication using Java 17.0.1 on DESKTOP-7P5RSAI with PID 6872 (F:\INFOSYS\XYZ_ToStudent\target\classes started by PERSONAL in F:\INFOSYS\XYZ_ToStudent)
2022-05-31 11:44:52 [main] INFO c.e.demo.XyzToStudentApplication - No active profile set, falling back to 1 default profile: "default"
2022-05-31 11:44:53 [main] INFO c.e.demo.XyzToStudentApplication - Started XyzToStudentApplication in 1.404 seconds (JVM running for 3.551)
2022-05-31 11:44:53 [main] ERROR c.e.demo.XyzToStudentApplication - Length of id is incorrect 
2022-05-31 11:46:28 [main] INFO c.e.demo.XyzToStudentApplication - Starting XyzToStudentApplication using Java 17.0.1 on DESKTOP-7P5RSAI with PID 7312 (F:\INFOSYS\XYZ_ToStudent\target\classes started by PERSONAL in F:\INFOSYS\XYZ_ToStudent)
2022-05-31 11:46:28 [main] INFO c.e.demo.XyzToStudentApplication - No active profile set, falling back to 1 default profile: "default"
2022-05-31 11:46:29 [main] INFO c.e.demo.XyzToStudentApplication - Started XyzToStudentApplication in 1.473 seconds (JVM running for 2.798)
2022-05-31 11:46:29 [main] ERROR c.e.demo.XyzToStudentApplication - Length of id is incorrect 
2022-05-31 11:47:46 [main] INFO c.e.demo.XyzToStudentApplication - Starting XyzToStudentApplication using Java 17.0.1 on DESKTOP-7P5RSAI with PID 6156 (F:\INFOSYS\XYZ_ToStudent\target\classes started by PERSONAL in F:\INFOSYS\XYZ_ToStudent)
2022-05-31 11:47:46 [main] INFO c.e.demo.XyzToStudentApplication - No active profile set, falling back to 1 default profile: "default"
2022-05-31 11:47:47 [main] INFO c.e.demo.XyzToStudentApplication - Started XyzToStudentApplication in 1.386 seconds (JVM running for 3.122)
2022-05-31 11:47:47 [main] ERROR c.e.demo.XyzToStudentApplication - Length of id is incorrect 
2022-05-31 11:49:08 [main] INFO c.e.demo.XyzToStudentApplication - Starting XyzToStudentApplication using Java 17.0.1 on DESKTOP-7P5RSAI with PID 8904 (F:\INFOSYS\XYZ_ToStudent\target\classes started by PERSONAL in F:\INFOSYS\XYZ_ToStudent)
2022-05-31 11:49:08 [main] INFO c.e.demo.XyzToStudentApplication - No active profile set, falling back to 1 default profile: "default"
2022-05-31 11:49:09 [main] INFO c.e.demo.XyzToStudentApplication - Started XyzToStudentApplication in 1.448 seconds (JVM running for 2.927)
2022-05-31 11:49:09 [main] ERROR c.e.demo.XyzToStudentApplication - Length of id is incorrect 
2022-05-31 11:54:09 [main] INFO c.e.demo.XyzToStudentApplication - Starting XyzToStudentApplication using Java 17.0.1 on DESKTOP-7P5RSAI with PID 5476 (F:\INFOSYS\XYZ_ToStudent\target\classes started by PERSONAL in F:\INFOSYS\XYZ_ToStudent)
2022-05-31 11:54:09 [main] INFO c.e.demo.XyzToStudentApplication - No active profile set, falling back to 1 default profile: "default"
2022-05-31 11:54:10 [main] INFO c.e.demo.XyzToStudentApplication - Started XyzToStudentApplication in 1.53 seconds (JVM running for 3.302)
2022-05-31 11:54:10 [main] ERROR c.e.demo.XyzToStudentApplication - Length of id is incorrect 
